Traceback (most recent call last):
  File "/opt/hostedtoolcache/Python/3.8.18/x64/lib/python3.8/site-packages/jupyter_cache/executors/utils.py", line 58, in single_nb_execution
    executenb(
  File "/opt/hostedtoolcache/Python/3.8.18/x64/lib/python3.8/site-packages/nbclient/client.py", line 1305, in execute
    return NotebookClient(nb=nb, resources=resources, km=km, **kwargs).execute()
  File "/opt/hostedtoolcache/Python/3.8.18/x64/lib/python3.8/site-packages/jupyter_core/utils/__init__.py", line 165, in wrapped
    return loop.run_until_complete(inner)
  File "/opt/hostedtoolcache/Python/3.8.18/x64/lib/python3.8/asyncio/base_events.py", line 616, in run_until_complete
    return future.result()
  File "/opt/hostedtoolcache/Python/3.8.18/x64/lib/python3.8/site-packages/nbclient/client.py", line 705, in async_execute
    await self.async_execute_cell(
  File "/opt/hostedtoolcache/Python/3.8.18/x64/lib/python3.8/site-packages/nbclient/client.py", line 1058, in async_execute_cell
    await self._check_raise_for_error(cell, cell_index, exec_reply)
  File "/opt/hostedtoolcache/Python/3.8.18/x64/lib/python3.8/site-packages/nbclient/client.py", line 914, in _check_raise_for_error
    raise CellExecutionError.from_cell_and_msg(cell, exec_reply_content)
nbclient.exceptions.CellExecutionError: An error occurred while executing the following cell:
------------------
import numpy as np
import matplotlib.pyplot as plt
from ipywidgets import interact, FloatSlider
import warnings
warnings.filterwarnings("ignore")
plt.style.use("seaborn-v0_8-whitegrid")
def plot_quadratic(a=1.0, b=0.0, c=0.0):
    x = np.linspace(-10, 10, 400)
    y = a * x**2 + b * x + c

    plt.figure(figsize=(8, 5))
    plt.plot(x, y, color = "blue", linewidth = 2)
    plt.axhline(0, color='black', lw=1)
    plt.axvline(0, color='black', lw=1)
    plt.title(f'Quadratic Function: y = {a}xÂ² + {b}x + {c}')
    plt.xlabel('x')
    plt.ylabel('y')
    plt.grid(True)
    plt.ylim(-10, 10)
    plt.show()

interact(
    plot_quadratic,
    a=FloatSlider(value=1, min=-5, max=5, step=0.1, description= 'ð—®'),
    b=FloatSlider(value=0, min=-5, max=5, step=0.5, description=r'ð—¯'),
    c=FloatSlider(value=0, min=-5, max=5, step=0.5, description=r'ð—°')
)
------------------


[0;31m---------------------------------------------------------------------------[0m
[0;31mModuleNotFoundError[0m                       Traceback (most recent call last)
Cell [0;32mIn[1], line 3[0m
[1;32m      1[0m [38;5;28;01mimport[39;00m[38;5;250m [39m[38;5;21;01mnumpy[39;00m[38;5;250m [39m[38;5;28;01mas[39;00m[38;5;250m [39m[38;5;21;01mnp[39;00m
[1;32m      2[0m [38;5;28;01mimport[39;00m[38;5;250m [39m[38;5;21;01mmatplotlib[39;00m[38;5;21;01m.[39;00m[38;5;21;01mpyplot[39;00m[38;5;250m [39m[38;5;28;01mas[39;00m[38;5;250m [39m[38;5;21;01mplt[39;00m
[0;32m----> 3[0m [38;5;28;01mfrom[39;00m[38;5;250m [39m[38;5;21;01mipywidgets[39;00m[38;5;250m [39m[38;5;28;01mimport[39;00m interact, FloatSlider
[1;32m      4[0m [38;5;28;01mimport[39;00m[38;5;250m [39m[38;5;21;01mwarnings[39;00m
[1;32m      5[0m warnings[38;5;241m.[39mfilterwarnings([38;5;124m"[39m[38;5;124mignore[39m[38;5;124m"[39m)

[0;31mModuleNotFoundError[0m: No module named 'ipywidgets'

